2025-06-14 10:39:31,826 INFO [app.py:116] ログシステムを初期化しました (開発環境, レベル: INFO)
2025-06-14 10:39:31,832 INFO [app.py:128] 現在の作業ディレクトリ: /Users/taku/Desktop/projects/server_money
2025-06-14 10:39:31,832 INFO [app.py:129] データベースURI: sqlite:///money_tracker.db
2025-06-14 10:39:31,834 INFO [app.py:599] アプリケーションを開始しています...
2025-06-14 10:39:31,837 INFO [app.py:166] テーブル 'transaction' は既に存在します。
2025-06-14 10:39:31,837 INFO [app.py:601] サーバーを起動します (host=0.0.0.0, port=4000)
2025-06-14 10:39:43,347 INFO [app.py:208] テーブルが存在しないため、作成します...
2025-06-14 10:39:43,347 INFO [app.py:208] テーブルが存在しないため、作成します...
2025-06-14 10:39:43,348 INFO [app.py:211] テーブルを作成しました
2025-06-14 10:39:43,349 INFO [app.py:211] テーブルを作成しました
2025-06-14 10:39:43,354 INFO [app.py:208] テーブルが存在しないため、作成します...
2025-06-14 10:39:43,355 INFO [app.py:211] テーブルを作成しました
2025-06-14 10:39:54,710 INFO [app.py:208] テーブルが存在しないため、作成します...
2025-06-14 10:39:54,712 INFO [app.py:208] テーブルが存在しないため、作成します...
2025-06-14 10:39:54,712 INFO [app.py:211] テーブルを作成しました
2025-06-14 10:39:54,713 INFO [app.py:211] テーブルを作成しました
2025-06-14 10:39:54,716 INFO [app.py:208] テーブルが存在しないため、作成します...
2025-06-14 10:39:54,716 INFO [app.py:211] テーブルを作成しました
2025-06-14 10:39:56,774 INFO [app.py:391] ログファイルダウンロードを開始しています
2025-06-14 10:39:56,775 INFO [app.py:425] ログファイルをダウンロード提供: logs/money_tracker.log
2025-06-14 10:40:23,890 INFO [app.py:208] テーブルが存在しないため、作成します...
2025-06-14 10:40:23,891 INFO [app.py:211] テーブルを作成しました
2025-06-14 10:40:26,021 INFO [app.py:208] テーブルが存在しないため、作成します...
2025-06-14 10:40:26,022 INFO [app.py:211] テーブルを作成しました
2025-06-14 10:40:35,782 INFO [app.py:608] アプリケーションを終了します
